<?xml version="1.0" encoding="UTF-8"?>
<!-- Generated by org.testng.reporters.JUnitReportReporter -->
<testsuite hostname="LAPTOP-APQCE3EE" failures="0" tests="1" name="com.crm.qa.testcases.HomePageTest" time="35.937" errors="0" timestamp="30 Oct 2021 12:19:26 GMT" skipped="0">
  <testcase classname="com.crm.qa.testcases.HomePageTest" name="login" time="35.937"/>
</testsuite> <!-- com.crm.qa.testcases.HomePageTest -->
