<?xml version="1.0" encoding="UTF-8"?>
<!-- Generated by org.testng.reporters.JUnitReportReporter -->
<testsuite hostname="LAPTOP-APQCE3EE" failures="0" tests="1" name="com.crm.qa.testcases.LoginPageTest" time="55.778" errors="0" timestamp="30 Oct 2021 12:13:06 GMT" skipped="0">
  <testcase classname="com.crm.qa.testcases.LoginPageTest" name="login" time="55.778"/>
</testsuite> <!-- com.crm.qa.testcases.LoginPageTest -->
