<?xml version="1.0" encoding="UTF-8"?>
<!-- Generated by org.testng.reporters.JUnitReportReporter -->
<testsuite hostname="LAPTOP-APQCE3EE" failures="0" tests="1" name="com.digicollect.qa.testcases.HomePageTest" time="23.139" errors="0" timestamp="30 Oct 2021 14:07:21 GMT" skipped="0">
  <testcase classname="com.digicollect.qa.testcases.HomePageTest" name="createCompany" time="23.139"/>
</testsuite> <!-- com.digicollect.qa.testcases.HomePageTest -->
